Arguments: 
  /usr/bin/node /usr/share/yarn/bin/yarn.js add --dev tslint

PATH: 
  /home/josh/bin:/home/josh/.local/bin:/home/josh/bin:/home/josh/.local/bin:/usr/local/sbin:/usr/local/bin:/usr/sbin:/usr/bin:/sbin:/bin:/usr/games:/usr/local/games

Yarn version: 
  1.3.2

Node version: 
  8.9.3

Platform: 
  linux x64

npm manifest: 
  {
    "name": "select-tree",
    "version": "1.0.0",
    "main": "index.js",
    "license": "MIT",
    "devDependencies": {
      "@types/jquery": "^3.3.2",
      "typescript": "^2.8.3"
    },
    "dependencies": {
      "jquery": "^3.3.1"
    }
  }

yarn manifest: 
  No manifest

Lockfile: 
  # THIS IS AN AUTOGENERATED FILE. DO NOT EDIT THIS FILE DIRECTLY.
  # yarn lockfile v1
  
  
  "@types/jquery@^3.3.2":
    version "3.3.2"
    resolved "https://registry.yarnpkg.com/@types/jquery/-/jquery-3.3.2.tgz#8700226bdde24b6f98e3a60126dbaab3b2a3ab41"
  
  jquery@^3.3.1:
    version "3.3.1"
    resolved "https://registry.yarnpkg.com/jquery/-/jquery-3.3.1.tgz#958ce29e81c9790f31be7792df5d4d95fc57fbca"
  
  typescript@^2.8.3:
    version "2.8.3"
    resolved "https://registry.yarnpkg.com/typescript/-/typescript-2.8.3.tgz#5d817f9b6f31bb871835f4edf0089f21abe6c170"

Trace: 
  Error: https://registry.yarnpkg.com/chalk: ETIMEDOUT
      at Timeout._onTimeout (/usr/share/yarn/lib/cli.js:123749:19)
      at ontimeout (timers.js:475:11)
      at tryOnTimeout (timers.js:310:5)
      at Timer.listOnTimeout (timers.js:270:5)
